Menu for day 1: 
     Đùi gà rán
     Sườn lợn xào chua ngọt
     Rau muống xào tỏi
     Canh chua
Menu for day 2: 
     Đùi gà rán
     Trứng rán
     Đậu sốt cà chua
     Canh rau cải/ngót thịt bằm
Menu for day 3: 
     Giò lụa
     Sườn lợn xào chua ngọt
     Giá xào
     Canh mùng tơi
Menu for day 4: 
     Cá thu sốt cà chua
     Trứng rán
     Đậu rán
     Canh chua
Menu for day 5: 
     Đùi gà rán
     Sườn lợn xào chua ngọt
     Cải bắp luộc
     Canh rau cải/ngót thịt bằm
Menu for day 6: 
     Thăn lợn xào cô ve
     Trứng rán
     Nấm xào
     Canh bí đỏ nấu sườn
